<?xml version="1.0" encoding="UTF-8"?>
<testsuite xmlns:xsi="http://www.w3.org/2001/XMLSchema-instance" xsi:noNamespaceSchemaLocation="https://maven.apache.org/surefire/maven-surefire-plugin/xsd/surefire-test-report.xsd" name="junitbasics.MathUtilsTest" time="0.06" tests="5" errors="0" skipped="1" failures="0">
  <properties>
[...]
</properties>
  <testcase name="testAdd" classname="junitbasics.MathUtilsTest" time="0.021"/>
  <testcase name="testDisabled" classname="junitbasics.MathUtilsTest" time="0">
    <skipped message="void junitbasics.MathUtilsTest.testDisabled() is @Disabled"/>
  </testcase>
  <testcase name="testDivide" classname="junitbasics.MathUtilsTest" time="0.005"/>
  <testcase name="testMultiply" classname="junitbasics.MathUtilsTest" time="0.007"/>
  <testcase name="testComputeCircleRadius" classname="junitbasics.MathUtilsTest" time="0.002"/>
</testsuite>