<?xml version="1.0" encoding="UTF-8"?>
<testsuite xmlns:xsi="http://www.w3.org/2001/XMLSchema-instance" xsi:noNamespaceSchemaLocation="https://maven.apache.org/surefire/maven-surefire-plugin/xsd/surefire-test-report.xsd" name="junitbasics.MathUtilsTest" time="0.149" tests="8" errors="0" skipped="1" failures="0">
  <properties>
[...]
</properties>
  <testcase name="testDisabled" classname="junitbasics.MathUtilsTest" time="0">
    <skipped message="void junitbasics.MathUtilsTest.testDisabled() is @Disabled"/>
    <system-out><![CDATA[this runs before all
]]></system-out>
  </testcase>
  <testcase name="testDivide" classname="junitbasics.MathUtilsTest" time="0.027"/>
  <testcase name="testMultiply" classname="junitbasics.MathUtilsTest" time="0.044"/>
  <testcase name="testComputeCircleRadius{RepetitionInfo}[1]" classname="junitbasics.MathUtilsTest" time="0.011"/>
  <testcase name="testComputeCircleRadius{RepetitionInfo}[2]" classname="junitbasics.MathUtilsTest" time="0.004"/>
  <testcase name="testComputeCircleRadius{RepetitionInfo}[3]" classname="junitbasics.MathUtilsTest" time="0.003"/>
  <testcase name="testAddPositive" classname="junitbasics.MathUtilsTest$testAdd" time="0.002"/>
  <testcase name="testAddNegative" classname="junitbasics.MathUtilsTest$testAdd" time="0.003"/>
</testsuite>